# JRE version: OpenJDK Runtime Environment (8.0_112-b06) (build 1.8.0_112-release-b06)
# Java VM: OpenJDK 64-Bit Server VM (25.112-b06 mixed mode windows-amd64 compressed oops)
Heap:
 PSYoungGen      total 164352K, used 159307K [0x00000000e0000000, 0x00000000ecf00000, 0x0000000100000000)
  eden space 140800K, 96% used [0x00000000e0000000,0x00000000e8498968,0x00000000e8980000)
  from space 23552K, 99% used [0x00000000e8980000,0x00000000ea07a5c8,0x00000000ea080000)
  to   space 15872K, 99% used [0x00000000ea080000,0x00000000eaff8af0,0x00000000eb000000)
 ParOldGen       total 109568K, used 109067K [0x00000000a0000000, 0x00000000a6b00000, 0x00000000e0000000)
  object space 109568K, 99% used [0x00000000a0000000,0x00000000a6a82e60,0x00000000a6b00000)
 Metaspace       used 57387K, capacity 59056K, committed 59136K, reserved 1099776K
  class space    used 7518K, capacity 7897K, committed 7936K, reserved 1048576K
GC Heap History (10 events):
Event: 6.119 GC heap after
Heap after GC invocations=9 (full 2):
 PSYoungGen      total 104960K, used 0K [0x00000000e0000000, 0x00000000e9e00000, 0x0000000100000000)
  eden space 94720K, 0% used [0x00000000e0000000,0x00000000e0000000,0x00000000e5c80000)
  from space 10240K, 0% used [0x00000000e5c80000,0x00000000e5c80000,0x00000000e6680000)
  to   space 11776K, 0% used [0x00000000e9280000,0x00000000e9280000,0x00000000e9e00000)
 ParOldGen       total 106496K, used 17274K [0x00000000a0000000, 0x00000000a6800000, 0x00000000e0000000)
  object space 106496K, 16% used [0x00000000a0000000,0x00000000a10debb8,0x00000000a6800000)
 Metaspace       used 34602K, capacity 35252K, committed 35496K, reserved 1079296K
  class space    used 4593K, capacity 4744K, committed 4864K, reserved 1048576K
}
Event: 7.128 GC heap before
{Heap before GC invocations=10 (full 2):
 PSYoungGen      total 104960K, used 94720K [0x00000000e0000000, 0x00000000e9e00000, 0x0000000100000000)
  eden space 94720K, 100% used [0x00000000e0000000,0x00000000e5c80000,0x00000000e5c80000)
  from space 10240K, 0% used [0x00000000e5c80000,0x00000000e5c80000,0x00000000e6680000)
  to   space 11776K, 0% used [0x00000000e9280000,0x00000000e9280000,0x00000000e9e00000)
 ParOldGen       total 106496K, used 17274K [0x00000000a0000000, 0x00000000a6800000, 0x00000000e0000000)
  object space 106496K, 16% used [0x00000000a0000000,0x00000000a10debb8,0x00000000a6800000)
 Metaspace       used 42408K, capacity 43320K, committed 43648K, reserved 1087488K
  class space    used 5672K, capacity 5913K, committed 6016K, reserved 1048576K
Event: 7.135 GC heap after
Heap after GC invocations=10 (full 2):
 PSYoungGen      total 135680K, used 10650K [0x00000000e0000000, 0x00000000e9d00000, 0x0000000100000000)
  eden space 124928K, 0% used [0x00000000e0000000,0x00000000e0000000,0x00000000e7a00000)
  from space 10752K, 99% used [0x00000000e9280000,0x00000000e9ce6ab8,0x00000000e9d00000)
  to   space 12800K, 0% used [0x00000000e8400000,0x00000000e8400000,0x00000000e9080000)
 ParOldGen       total 106496K, used 17282K [0x00000000a0000000, 0x00000000a6800000, 0x00000000e0000000)
  object space 106496K, 16% used [0x00000000a0000000,0x00000000a10e0bb8,0x00000000a6800000)
 Metaspace       used 42408K, capacity 43320K, committed 43648K, reserved 1087488K
  class space    used 5672K, capacity 5913K, committed 6016K, reserved 1048576K
}
Event: 8.425 GC heap before
{Heap before GC invocations=11 (full 2):
 PSYoungGen      total 135680K, used 135578K [0x00000000e0000000, 0x00000000e9d00000, 0x0000000100000000)
  eden space 124928K, 100% used [0x00000000e0000000,0x00000000e7a00000,0x00000000e7a00000)
  from space 10752K, 99% used [0x00000000e9280000,0x00000000e9ce6ab8,0x00000000e9d00000)
  to   space 12800K, 0% used [0x00000000e8400000,0x00000000e8400000,0x00000000e9080000)
 ParOldGen       total 106496K, used 17282K [0x00000000a0000000, 0x00000000a6800000, 0x00000000e0000000)
  object space 106496K, 16% used [0x00000000a0000000,0x00000000a10e0bb8,0x00000000a6800000)
 Metaspace       used 46718K, capacity 48158K, committed 48384K, reserved 1091584K
  class space    used 6261K, capacity 6580K, committed 6656K, reserved 1048576K
Event: 8.438 GC heap after
Heap after GC invocations=11 (full 2):
 PSYoungGen      total 147968K, used 12789K [0x00000000e0000000, 0x00000000eb000000, 0x0000000100000000)
  eden space 135168K, 0% used [0x00000000e0000000,0x00000000e0000000,0x00000000e8400000)
  from space 12800K, 99% used [0x00000000e8400000,0x00000000e907d670,0x00000000e9080000)
  to   space 15872K, 0% used [0x00000000ea080000,0x00000000ea080000,0x00000000eb000000)
 ParOldGen       total 106496K, used 21512K [0x00000000a0000000, 0x00000000a6800000, 0x00000000e0000000)
  object space 106496K, 20% used [0x00000000a0000000,0x00000000a15020b8,0x00000000a6800000)
 Metaspace       used 46718K, capacity 48158K, committed 48384K, reserved 1091584K
  class space    used 6261K, capacity 6580K, committed 6656K, reserved 1048576K
}
Event: 10.617 GC heap before
{Heap before GC invocations=12 (full 2):
 PSYoungGen      total 147968K, used 147957K [0x00000000e0000000, 0x00000000eb000000, 0x0000000100000000)
  eden space 135168K, 100% used [0x00000000e0000000,0x00000000e8400000,0x00000000e8400000)
  from space 12800K, 99% used [0x00000000e8400000,0x00000000e907d670,0x00000000e9080000)
  to   space 15872K, 0% used [0x00000000ea080000,0x00000000ea080000,0x00000000eb000000)
 ParOldGen       total 106496K, used 21512K [0x00000000a0000000, 0x00000000a6800000, 0x00000000e0000000)
  object space 106496K, 20% used [0x00000000a0000000,0x00000000a15020b8,0x00000000a6800000)
 Metaspace       used 54845K, capacity 56542K, committed 56704K, reserved 1097728K
  class space    used 7314K, capacity 7696K, committed 7808K, reserved 1048576K
Event: 10.664 GC heap after
Heap after GC invocations=12 (full 2):
 PSYoungGen      total 156672K, used 15869K [0x00000000e0000000, 0x00000000ecf00000, 0x0000000100000000)
  eden space 140800K, 0% used [0x00000000e0000000,0x00000000e0000000,0x00000000e8980000)
  from space 15872K, 99% used [0x00000000ea080000,0x00000000eafff408,0x00000000eb000000)
  to   space 23552K, 0% used [0x00000000e8980000,0x00000000e8980000,0x00000000ea080000)
 ParOldGen       total 106496K, used 37143K [0x00000000a0000000, 0x00000000a6800000, 0x00000000e0000000)
  object space 106496K, 34% used [0x00000000a0000000,0x00000000a2445fc0,0x00000000a6800000)
 Metaspace       used 54845K, capacity 56542K, committed 56704K, reserved 1097728K
  class space    used 7314K, capacity 7696K, committed 7808K, reserved 1048576K
}
Event: 11.662 GC heap before
{Heap before GC invocations=13 (full 2):
 PSYoungGen      total 156672K, used 156669K [0x00000000e0000000, 0x00000000ecf00000, 0x0000000100000000)
  eden space 140800K, 100% used [0x00000000e0000000,0x00000000e8980000,0x00000000e8980000)
  from space 15872K, 99% used [0x00000000ea080000,0x00000000eafff408,0x00000000eb000000)
  to   space 23552K, 0% used [0x00000000e8980000,0x00000000e8980000,0x00000000ea080000)
 ParOldGen       total 106496K, used 37143K [0x00000000a0000000, 0x00000000a6800000, 0x00000000e0000000)
  object space 106496K, 34% used [0x00000000a0000000,0x00000000a2445fc0,0x00000000a6800000)
 Metaspace       used 56542K, capacity 58224K, committed 58368K, reserved 1099776K
  class space    used 7451K, capacity 7833K, committed 7936K, reserved 1048576K
Event: 11.698 GC heap after
Heap after GC invocations=13 (full 2):
 PSYoungGen      total 164352K, used 23529K [0x00000000e0000000, 0x00000000ecf00000, 0x0000000100000000)
  eden space 140800K, 0% used [0x00000000e0000000,0x00000000e0000000,0x00000000e8980000)
  from space 23552K, 99% used [0x00000000e8980000,0x00000000ea07a5c8,0x00000000ea080000)
  to   space 15872K, 0% used [0x00000000ea080000,0x00000000ea080000,0x00000000eb000000)
 ParOldGen       total 106496K, used 61220K [0x00000000a0000000, 0x00000000a6800000, 0x00000000e0000000)
  object space 106496K, 57% used [0x00000000a0000000,0x00000000a3bc92a8,0x00000000a6800000)
 Metaspace       used 56542K, capacity 58224K, committed 58368K, reserved 1099776K
  class space    used 7451K, capacity 7833K, committed 7936K, reserved 1048576K
}
Event: 12.632 GC heap before
{Heap before GC invocations=14 (full 2):
 PSYoungGen      total 164352K, used 159307K [0x00000000e0000000, 0x00000000ecf00000, 0x0000000100000000)
  eden space 140800K, 96% used [0x00000000e0000000,0x00000000e8498968,0x00000000e8980000)
  from space 23552K, 99% used [0x00000000e8980000,0x00000000ea07a5c8,0x00000000ea080000)
  to   space 15872K, 0% used [0x00000000ea080000,0x00000000ea080000,0x00000000eb000000)
 ParOldGen       total 106496K, used 61220K [0x00000000a0000000, 0x00000000a6800000, 0x00000000e0000000)
  object space 106496K, 57% used [0x00000000a0000000,0x00000000a3bc92a8,0x00000000a6800000)
 Metaspace       used 57387K, capacity 59056K, committed 59136K, reserved 1099776K
  class space    used 7518K, capacity 7897K, committed 7936K, reserved 1048576K

