# JRE version: OpenJDK Runtime Environment (8.0_112-b06) (build 1.8.0_112-release-b06)
# Java VM: OpenJDK 64-Bit Server VM (25.112-b06 mixed mode windows-amd64 compressed oops)
Heap:
 PSYoungGen      total 159744K, used 54699K [0x00000000e0000000, 0x00000000eb800000, 0x0000000100000000)
  eden space 137216K, 28% used [0x00000000e0000000,0x00000000e2602698,0x00000000e8600000)
  from space 22528K, 70% used [0x00000000ea200000,0x00000000eb1686b8,0x00000000eb800000)
  to   space 25600K, 0% used [0x00000000e8600000,0x00000000e8600000,0x00000000e9f00000)
 ParOldGen       total 225792K, used 47585K [0x00000000a0000000, 0x00000000adc80000, 0x00000000e0000000)
  object space 225792K, 21% used [0x00000000a0000000,0x00000000a2e78700,0x00000000adc80000)
 Metaspace       used 65865K, capacity 68716K, committed 68992K, reserved 1110016K
  class space    used 8729K, capacity 9310K, committed 9344K, reserved 1048576K
GC Heap History (10 events):
Event: 40.995 GC heap before
{Heap before GC invocations=15 (full 3):
 PSYoungGen      total 136192K, used 20096K [0x00000000e0000000, 0x00000000eab80000, 0x0000000100000000)
  eden space 109568K, 0% used [0x00000000e0000000,0x00000000e0000000,0x00000000e6b00000)
  from space 26624K, 75% used [0x00000000e8600000,0x00000000e99a0010,0x00000000ea000000)
  to   space 27648K, 0% used [0x00000000e6b00000,0x00000000e6b00000,0x00000000e8600000)
 ParOldGen       total 146944K, used 39991K [0x00000000a0000000, 0x00000000a8f80000, 0x00000000e0000000)
  object space 146944K, 27% used [0x00000000a0000000,0x00000000a270dda8,0x00000000a8f80000)
 Metaspace       used 57023K, capacity 59060K, committed 59160K, reserved 1099776K
  class space    used 7619K, capacity 8062K, committed 8064K, reserved 1048576K
Event: 41.271 GC heap after
Heap after GC invocations=15 (full 3):
 PSYoungGen      total 136192K, used 0K [0x00000000e0000000, 0x00000000eab80000, 0x0000000100000000)
  eden space 109568K, 0% used [0x00000000e0000000,0x00000000e0000000,0x00000000e6b00000)
  from space 26624K, 0% used [0x00000000e8600000,0x00000000e8600000,0x00000000ea000000)
  to   space 27648K, 0% used [0x00000000e6b00000,0x00000000e6b00000,0x00000000e8600000)
 ParOldGen       total 225792K, used 47553K [0x00000000a0000000, 0x00000000adc80000, 0x00000000e0000000)
  object space 225792K, 21% used [0x00000000a0000000,0x00000000a2e70700,0x00000000adc80000)
 Metaspace       used 57023K, capacity 59060K, committed 59160K, reserved 1099776K
  class space    used 7619K, capacity 8062K, committed 8064K, reserved 1048576K
}
Event: 47.741 GC heap before
{Heap before GC invocations=16 (full 3):
 PSYoungGen      total 136192K, used 109568K [0x00000000e0000000, 0x00000000eab80000, 0x0000000100000000)
  eden space 109568K, 100% used [0x00000000e0000000,0x00000000e6b00000,0x00000000e6b00000)
  from space 26624K, 0% used [0x00000000e8600000,0x00000000e8600000,0x00000000ea000000)
  to   space 27648K, 0% used [0x00000000e6b00000,0x00000000e6b00000,0x00000000e8600000)
 ParOldGen       total 225792K, used 47553K [0x00000000a0000000, 0x00000000adc80000, 0x00000000e0000000)
  object space 225792K, 21% used [0x00000000a0000000,0x00000000a2e70700,0x00000000adc80000)
 Metaspace       used 58522K, capacity 61094K, committed 61184K, reserved 1101824K
  class space    used 7842K, capacity 8379K, committed 8448K, reserved 1048576K
Event: 47.753 GC heap after
Heap after GC invocations=16 (full 3):
 PSYoungGen      total 137216K, used 6197K [0x00000000e0000000, 0x00000000eb400000, 0x0000000100000000)
  eden space 109568K, 0% used [0x00000000e0000000,0x00000000e0000000,0x00000000e6b00000)
  from space 27648K, 22% used [0x00000000e6b00000,0x00000000e710d698,0x00000000e8600000)
  to   space 27648K, 0% used [0x00000000e9900000,0x00000000e9900000,0x00000000eb400000)
 ParOldGen       total 225792K, used 47561K [0x00000000a0000000, 0x00000000adc80000, 0x00000000e0000000)
  object space 225792K, 21% used [0x00000000a0000000,0x00000000a2e72700,0x00000000adc80000)
 Metaspace       used 58522K, capacity 61094K, committed 61184K, reserved 1101824K
  class space    used 7842K, capacity 8379K, committed 8448K, reserved 1048576K
}
Event: 64.311 GC heap before
{Heap before GC invocations=17 (full 3):
 PSYoungGen      total 137216K, used 115765K [0x00000000e0000000, 0x00000000eb400000, 0x0000000100000000)
  eden space 109568K, 100% used [0x00000000e0000000,0x00000000e6b00000,0x00000000e6b00000)
  from space 27648K, 22% used [0x00000000e6b00000,0x00000000e710d698,0x00000000e8600000)
  to   space 27648K, 0% used [0x00000000e9900000,0x00000000e9900000,0x00000000eb400000)
 ParOldGen       total 225792K, used 47561K [0x00000000a0000000, 0x00000000adc80000, 0x00000000e0000000)
  object space 225792K, 21% used [0x00000000a0000000,0x00000000a2e72700,0x00000000adc80000)
 Metaspace       used 60916K, capacity 63530K, committed 63872K, reserved 1103872K
  class space    used 8158K, capacity 8709K, committed 8832K, reserved 1048576K
Event: 64.332 GC heap after
Heap after GC invocations=17 (full 3):
 PSYoungGen      total 148480K, used 15106K [0x00000000e0000000, 0x00000000eaf80000, 0x0000000100000000)
  eden space 125440K, 0% used [0x00000000e0000000,0x00000000e0000000,0x00000000e7a80000)
  from space 23040K, 65% used [0x00000000e9900000,0x00000000ea7c0868,0x00000000eaf80000)
  to   space 27136K, 0% used [0x00000000e7a80000,0x00000000e7a80000,0x00000000e9500000)
 ParOldGen       total 225792K, used 47569K [0x00000000a0000000, 0x00000000adc80000, 0x00000000e0000000)
  object space 225792K, 21% used [0x00000000a0000000,0x00000000a2e74700,0x00000000adc80000)
 Metaspace       used 60916K, capacity 63530K, committed 63872K, reserved 1103872K
  class space    used 8158K, capacity 8709K, committed 8832K, reserved 1048576K
}
Event: 2756.539 GC heap before
{Heap before GC invocations=18 (full 3):
 PSYoungGen      total 148480K, used 140546K [0x00000000e0000000, 0x00000000eaf80000, 0x0000000100000000)
  eden space 125440K, 100% used [0x00000000e0000000,0x00000000e7a80000,0x00000000e7a80000)
  from space 23040K, 65% used [0x00000000e9900000,0x00000000ea7c0868,0x00000000eaf80000)
  to   space 27136K, 0% used [0x00000000e7a80000,0x00000000e7a80000,0x00000000e9500000)
 ParOldGen       total 225792K, used 47569K [0x00000000a0000000, 0x00000000adc80000, 0x00000000e0000000)
  object space 225792K, 21% used [0x00000000a0000000,0x00000000a2e74700,0x00000000adc80000)
 Metaspace       used 61460K, capacity 64234K, committed 64384K, reserved 1105920K
  class space    used 8185K, capacity 8771K, committed 8832K, reserved 1048576K
Event: 2756.602 GC heap after
Heap after GC invocations=18 (full 3):
 PSYoungGen      total 152576K, used 11765K [0x00000000e0000000, 0x00000000ebb80000, 0x0000000100000000)
  eden space 125440K, 0% used [0x00000000e0000000,0x00000000e0000000,0x00000000e7a80000)
  from space 27136K, 43% used [0x00000000e7a80000,0x00000000e85fd560,0x00000000e9500000)
  to   space 26112K, 0% used [0x00000000ea200000,0x00000000ea200000,0x00000000ebb80000)
 ParOldGen       total 225792K, used 47577K [0x00000000a0000000, 0x00000000adc80000, 0x00000000e0000000)
  object space 225792K, 21% used [0x00000000a0000000,0x00000000a2e76700,0x00000000adc80000)
 Metaspace       used 61460K, capacity 64234K, committed 64384K, reserved 1105920K
  class space    used 8185K, capacity 8771K, committed 8832K, reserved 1048576K
}
Event: 2774.376 GC heap before
{Heap before GC invocations=19 (full 3):
 PSYoungGen      total 152576K, used 137205K [0x00000000e0000000, 0x00000000ebb80000, 0x0000000100000000)
  eden space 125440K, 100% used [0x00000000e0000000,0x00000000e7a80000,0x00000000e7a80000)
  from space 27136K, 43% used [0x00000000e7a80000,0x00000000e85fd560,0x00000000e9500000)
  to   space 26112K, 0% used [0x00000000ea200000,0x00000000ea200000,0x00000000ebb80000)
 ParOldGen       total 225792K, used 47577K [0x00000000a0000000, 0x00000000adc80000, 0x00000000e0000000)
  object space 225792K, 21% used [0x00000000a0000000,0x00000000a2e76700,0x00000000adc80000)
 Metaspace       used 63751K, capacity 66636K, committed 66688K, reserved 1107968K
  class space    used 8501K, capacity 9086K, committed 9088K, reserved 1048576K
Event: 2774.393 GC heap after
Heap after GC invocations=19 (full 3):
 PSYoungGen      total 159744K, used 15777K [0x00000000e0000000, 0x00000000eb800000, 0x0000000100000000)
  eden space 137216K, 0% used [0x00000000e0000000,0x00000000e0000000,0x00000000e8600000)
  from space 22528K, 70% used [0x00000000ea200000,0x00000000eb1686b8,0x00000000eb800000)
  to   space 25600K, 0% used [0x00000000e8600000,0x00000000e8600000,0x00000000e9f00000)
 ParOldGen       total 225792K, used 47585K [0x00000000a0000000, 0x00000000adc80000, 0x00000000e0000000)
  object space 225792K, 21% used [0x00000000a0000000,0x00000000a2e78700,0x00000000adc80000)
 Metaspace       used 63751K, capacity 66636K, committed 66688K, reserved 1107968K
  class space    used 8501K, capacity 9086K, committed 9088K, reserved 1048576K
}

