# JRE version: OpenJDK Runtime Environment (8.0_112-b06) (build 1.8.0_112-release-b06)
# Java VM: OpenJDK 64-Bit Server VM (25.112-b06 mixed mode windows-amd64 compressed oops)
Heap:
 PSYoungGen      total 131584K, used 83222K [0x00000000e0000000, 0x00000000ec580000, 0x0000000100000000)
  eden space 111616K, 56% used [0x00000000e0000000,0x00000000e3dcbd58,0x00000000e6d00000)
  from space 19968K, 99% used [0x00000000e6d00000,0x00000000e8079e58,0x00000000e8080000)
  to   space 32256K, 0% used [0x00000000ea600000,0x00000000ea600000,0x00000000ec580000)
 ParOldGen       total 103936K, used 58348K [0x00000000a0000000, 0x00000000a6580000, 0x00000000e0000000)
  object space 103936K, 56% used [0x00000000a0000000,0x00000000a38fb0b0,0x00000000a6580000)
 Metaspace       used 56549K, capacity 58348K, committed 58624K, reserved 1099776K
  class space    used 7452K, capacity 7833K, committed 7936K, reserved 1048576K
GC Heap History (10 events):
Event: 17.224 GC heap before
{Heap before GC invocations=9 (full 2):
 PSYoungGen      total 100352K, used 10222K [0x00000000e0000000, 0x00000000e8c00000, 0x0000000100000000)
  eden space 90112K, 0% used [0x00000000e0000000,0x00000000e0000000,0x00000000e5800000)
  from space 10240K, 99% used [0x00000000e5800000,0x00000000e61fba10,0x00000000e6200000)
  to   space 11776K, 0% used [0x00000000e8080000,0x00000000e8080000,0x00000000e8c00000)
 ParOldGen       total 66048K, used 12888K [0x00000000a0000000, 0x00000000a4080000, 0x00000000e0000000)
  object space 66048K, 19% used [0x00000000a0000000,0x00000000a0c96038,0x00000000a4080000)
 Metaspace       used 34682K, capacity 35280K, committed 35496K, reserved 1079296K
  class space    used 4616K, capacity 4776K, committed 4864K, reserved 1048576K
Event: 17.297 GC heap after
Heap after GC invocations=9 (full 2):
 PSYoungGen      total 100352K, used 0K [0x00000000e0000000, 0x00000000e8c00000, 0x0000000100000000)
  eden space 90112K, 0% used [0x00000000e0000000,0x00000000e0000000,0x00000000e5800000)
  from space 10240K, 0% used [0x00000000e5800000,0x00000000e5800000,0x00000000e6200000)
  to   space 11776K, 0% used [0x00000000e8080000,0x00000000e8080000,0x00000000e8c00000)
 ParOldGen       total 103936K, used 17342K [0x00000000a0000000, 0x00000000a6580000, 0x00000000e0000000)
  object space 103936K, 16% used [0x00000000a0000000,0x00000000a10efbd0,0x00000000a6580000)
 Metaspace       used 34682K, capacity 35280K, committed 35496K, reserved 1079296K
  class space    used 4616K, capacity 4776K, committed 4864K, reserved 1048576K
}
Event: 21.889 GC heap before
{Heap before GC invocations=10 (full 2):
 PSYoungGen      total 100352K, used 90107K [0x00000000e0000000, 0x00000000e8c00000, 0x0000000100000000)
  eden space 90112K, 99% used [0x00000000e0000000,0x00000000e57fecb0,0x00000000e5800000)
  from space 10240K, 0% used [0x00000000e5800000,0x00000000e5800000,0x00000000e6200000)
  to   space 11776K, 0% used [0x00000000e8080000,0x00000000e8080000,0x00000000e8c00000)
 ParOldGen       total 103936K, used 17342K [0x00000000a0000000, 0x00000000a6580000, 0x00000000e0000000)
  object space 103936K, 16% used [0x00000000a0000000,0x00000000a10efbd0,0x00000000a6580000)
 Metaspace       used 42368K, capacity 43192K, committed 43648K, reserved 1087488K
  class space    used 5672K, capacity 5903K, committed 6016K, reserved 1048576K
Event: 21.896 GC heap after
Heap after GC invocations=10 (full 2):
 PSYoungGen      total 131072K, used 10023K [0x00000000e0000000, 0x00000000e9180000, 0x0000000100000000)
  eden space 119296K, 0% used [0x00000000e0000000,0x00000000e0000000,0x00000000e7480000)
  from space 11776K, 85% used [0x00000000e8080000,0x00000000e8a49e38,0x00000000e8c00000)
  to   space 12288K, 0% used [0x00000000e7480000,0x00000000e7480000,0x00000000e8080000)
 ParOldGen       total 103936K, used 17350K [0x00000000a0000000, 0x00000000a6580000, 0x00000000e0000000)
  object space 103936K, 16% used [0x00000000a0000000,0x00000000a10f1bd0,0x00000000a6580000)
 Metaspace       used 42368K, capacity 43192K, committed 43648K, reserved 1087488K
  class space    used 5672K, capacity 5903K, committed 6016K, reserved 1048576K
}
Event: 25.771 GC heap before
{Heap before GC invocations=11 (full 2):
 PSYoungGen      total 131072K, used 129319K [0x00000000e0000000, 0x00000000e9180000, 0x0000000100000000)
  eden space 119296K, 100% used [0x00000000e0000000,0x00000000e7480000,0x00000000e7480000)
  from space 11776K, 85% used [0x00000000e8080000,0x00000000e8a49e38,0x00000000e8c00000)
  to   space 12288K, 0% used [0x00000000e7480000,0x00000000e7480000,0x00000000e8080000)
 ParOldGen       total 103936K, used 17350K [0x00000000a0000000, 0x00000000a6580000, 0x00000000e0000000)
  object space 103936K, 16% used [0x00000000a0000000,0x00000000a10f1bd0,0x00000000a6580000)
 Metaspace       used 46264K, capacity 47572K, committed 47744K, reserved 1091584K
  class space    used 6184K, capacity 6483K, committed 6528K, reserved 1048576K
Event: 25.783 GC heap after
Heap after GC invocations=11 (full 2):
 PSYoungGen      total 131584K, used 12259K [0x00000000e0000000, 0x00000000e9180000, 0x0000000100000000)
  eden space 119296K, 0% used [0x00000000e0000000,0x00000000e0000000,0x00000000e7480000)
  from space 12288K, 99% used [0x00000000e7480000,0x00000000e8078c98,0x00000000e8080000)
  to   space 11776K, 0% used [0x00000000e8080000,0x00000000e8080000,0x00000000e8c00000)
 ParOldGen       total 103936K, used 21433K [0x00000000a0000000, 0x00000000a6580000, 0x00000000e0000000)
  object space 103936K, 20% used [0x00000000a0000000,0x00000000a14ee5c0,0x00000000a6580000)
 Metaspace       used 46264K, capacity 47572K, committed 47744K, reserved 1091584K
  class space    used 6184K, capacity 6483K, committed 6528K, reserved 1048576K
}
Event: 30.224 GC heap before
{Heap before GC invocations=12 (full 2):
 PSYoungGen      total 131584K, used 131555K [0x00000000e0000000, 0x00000000e9180000, 0x0000000100000000)
  eden space 119296K, 100% used [0x00000000e0000000,0x00000000e7480000,0x00000000e7480000)
  from space 12288K, 99% used [0x00000000e7480000,0x00000000e8078c98,0x00000000e8080000)
  to   space 11776K, 0% used [0x00000000e8080000,0x00000000e8080000,0x00000000e8c00000)
 ParOldGen       total 103936K, used 21433K [0x00000000a0000000, 0x00000000a6580000, 0x00000000e0000000)
  object space 103936K, 20% used [0x00000000a0000000,0x00000000a14ee5c0,0x00000000a6580000)
 Metaspace       used 53320K, capacity 55034K, committed 55168K, reserved 1097728K
  class space    used 7182K, capacity 7536K, committed 7552K, reserved 1048576K
Event: 30.240 GC heap after
Heap after GC invocations=12 (full 2):
 PSYoungGen      total 123392K, used 11749K [0x00000000e0000000, 0x00000000eb300000, 0x0000000100000000)
  eden space 111616K, 0% used [0x00000000e0000000,0x00000000e0000000,0x00000000e6d00000)
  from space 11776K, 99% used [0x00000000e8080000,0x00000000e8bf9480,0x00000000e8c00000)
  to   space 19968K, 0% used [0x00000000e6d00000,0x00000000e6d00000,0x00000000e8080000)
 ParOldGen       total 103936K, used 32974K [0x00000000a0000000, 0x00000000a6580000, 0x00000000e0000000)
  object space 103936K, 31% used [0x00000000a0000000,0x00000000a2033970,0x00000000a6580000)
 Metaspace       used 53320K, capacity 55034K, committed 55168K, reserved 1097728K
  class space    used 7182K, capacity 7536K, committed 7552K, reserved 1048576K
}
Event: 33.301 GC heap before
{Heap before GC invocations=13 (full 2):
 PSYoungGen      total 123392K, used 123365K [0x00000000e0000000, 0x00000000eb300000, 0x0000000100000000)
  eden space 111616K, 100% used [0x00000000e0000000,0x00000000e6d00000,0x00000000e6d00000)
  from space 11776K, 99% used [0x00000000e8080000,0x00000000e8bf9480,0x00000000e8c00000)
  to   space 19968K, 0% used [0x00000000e6d00000,0x00000000e6d00000,0x00000000e8080000)
 ParOldGen       total 103936K, used 32974K [0x00000000a0000000, 0x00000000a6580000, 0x00000000e0000000)
  object space 103936K, 31% used [0x00000000a0000000,0x00000000a2033970,0x00000000a6580000)
 Metaspace       used 55474K, capacity 57210K, committed 57472K, reserved 1099776K
  class space    used 7343K, capacity 7728K, committed 7808K, reserved 1048576K
Event: 33.331 GC heap after
Heap after GC invocations=13 (full 2):
 PSYoungGen      total 131584K, used 19943K [0x00000000e0000000, 0x00000000ec580000, 0x0000000100000000)
  eden space 111616K, 0% used [0x00000000e0000000,0x00000000e0000000,0x00000000e6d00000)
  from space 19968K, 99% used [0x00000000e6d00000,0x00000000e8079e58,0x00000000e8080000)
  to   space 32256K, 0% used [0x00000000ea600000,0x00000000ea600000,0x00000000ec580000)
 ParOldGen       total 103936K, used 58348K [0x00000000a0000000, 0x00000000a6580000, 0x00000000e0000000)
  object space 103936K, 56% used [0x00000000a0000000,0x00000000a38fb0b0,0x00000000a6580000)
 Metaspace       used 55474K, capacity 57210K, committed 57472K, reserved 1099776K
  class space    used 7343K, capacity 7728K, committed 7808K, reserved 1048576K
}

